<?xml version="1.0" encoding="UTF-8"?>
<testng-results ignored="0" total="1" passed="1" failed="0" skipped="0">
  <reporter-output>
  </reporter-output>
  <suite started-at="2022-08-08T15:55:35 IST" name="Default suite" finished-at="2022-08-08T15:55:41 IST" duration-ms="5533">
    <groups>
    </groups>
    <test started-at="2022-08-08T15:55:35 IST" name="Default test" finished-at="2022-08-08T15:55:41 IST" duration-ms="5533">
      <class name="adminportal.Testsales">
        <test-method signature="login()[pri:0, instance:adminportal.Testsales@b9b00e0]" started-at="2022-08-08T15:55:35 IST" name="login" finished-at="2022-08-08T15:55:40 IST" duration-ms="5127" status="PASS">
          <reporter-output>
          </reporter-output>
        </test-method> <!-- login -->
      </class> <!-- adminportal.Testsales -->
    </test> <!-- Default test -->
  </suite> <!-- Default suite -->
</testng-results>
